-------------------------------------------------------------------------------
Test set: com.example.demo.StudentnewApplicationTests
-------------------------------------------------------------------------------
Tests run: 1, Failures: 0, Errors: 1, Skipped: 0, Time elapsed: 4.709 s <<< FAILURE! - in com.example.demo.StudentnewApplicationTests
contextLoads  Time elapsed: 0.013 s  <<< ERROR!
java.lang.IllegalStateException: Failed to load ApplicationContext for [WebMergedContextConfiguration@19b0a9f2 testClass = com.example.demo.StudentnewApplicationTests, locations = [], classes = [com.example.demo.StudentnewApplication], contextInitializerClasses = [], activeProfiles = [], propertySourceLocations = [], propertySourceProperties = ["org.springframework.boot.test.context.SpringBootTestContextBootstrapper=true"], contextCustomizers = [org.springframework.boot.test.context.filter.ExcludeFilterContextCustomizer@345f69f3, org.springframework.boot.test.json.DuplicateJsonObjectContextCustomizerFactory$DuplicateJsonObjectContextCustomizer@71e9ebae, org.springframework.boot.test.mock.mockito.MockitoContextCustomizer@0, org.springframework.boot.test.web.client.TestRestTemplateContextCustomizer@7d446ed1, org.springframework.boot.test.web.reactive.server.WebTestClientContextCustomizer@3bd323e9, org.springframework.boot.test.autoconfigure.actuate.observability.ObservabilityContextCustomizerFactory$DisableObservabilityContextCustomizer@9da1, org.springframework.boot.test.autoconfigure.properties.PropertyMappingContextCustomizer@0, org.springframework.boot.test.autoconfigure.web.servlet.WebDriverContextCustomizerFactory$Customizer@5c44c582, org.springframework.boot.test.context.SpringBootTestAnnotation@88181997], resourceBasePath = "src/main/webapp", contextLoader = org.springframework.boot.test.context.SpringBootContextLoader, parent = null]
Caused by: org.springframework.beans.factory.UnsatisfiedDependencyException: Error creating bean with name 'studentController': Unsatisfied dependency expressed through field 'stuService': Error creating bean with name 'studentService': Unsatisfied dependency expressed through field 'stRepo': Error creating bean with name 'studentRepo' defined in com.example.demo.Repository.StudentRepo defined in @EnableJpaRepositories declared on JpaRepositoriesRegistrar.EnableJpaRepositoriesConfiguration: Could not create query for public abstract java.lang.Integer com.example.demo.Repository.StudentRepo.deletebyStudentId(int); Reason: Cannot invoke "String.contains(java.lang.CharSequence)" because "variable" is null
Caused by: org.springframework.beans.factory.UnsatisfiedDependencyException: Error creating bean with name 'studentService': Unsatisfied dependency expressed through field 'stRepo': Error creating bean with name 'studentRepo' defined in com.example.demo.Repository.StudentRepo defined in @EnableJpaRepositories declared on JpaRepositoriesRegistrar.EnableJpaRepositoriesConfiguration: Could not create query for public abstract java.lang.Integer com.example.demo.Repository.StudentRepo.deletebyStudentId(int); Reason: Cannot invoke "String.contains(java.lang.CharSequence)" because "variable" is null
Caused by: org.springframework.beans.factory.BeanCreationException: Error creating bean with name 'studentRepo' defined in com.example.demo.Repository.StudentRepo defined in @EnableJpaRepositories declared on JpaRepositoriesRegistrar.EnableJpaRepositoriesConfiguration: Could not create query for public abstract java.lang.Integer com.example.demo.Repository.StudentRepo.deletebyStudentId(int); Reason: Cannot invoke "String.contains(java.lang.CharSequence)" because "variable" is null
Caused by: org.springframework.data.repository.query.QueryCreationException: Could not create query for public abstract java.lang.Integer com.example.demo.Repository.StudentRepo.deletebyStudentId(int); Reason: Cannot invoke "String.contains(java.lang.CharSequence)" because "variable" is null
Caused by: java.lang.NullPointerException: Cannot invoke "String.contains(java.lang.CharSequence)" because "variable" is null

